=== START Tue May  5 09:03:08 AM -03 2026 ===
=== CIFAR-100 ===
Device: cuda:0  config: {'epochs': 50, 'lr': 0.1, 'cos_lr': 0.05, 'kd_alpha': 0.7, 'kd_temp': 0.5}  seeds: [42, 43, 44]
Dataset: cifar100  backbones (12): ['resnet18_s0_ls_0.0', 'resnet18_s0_ls_0.1', 'resnet18_s0_ls_0.2', 'resnet18_s0_ls_0.3', 'resnet18_s1_ls_0.0', 'resnet18_s1_ls_0.1', 'resnet18_s1_ls_0.2', 'resnet18_s1_ls_0.3', 'resnet18_s2_ls_0.0', 'resnet18_s2_ls_0.1', 'resnet18_s2_ls_0.2', 'resnet18_s2_ls_0.3']

[resnet18_s0_ls_0.0]
    [skip OOD] missing ../Pooled_features/cifar100/ood/places/resnet18_s0_ls_0.0/places_emb.npy
    [skip OOD] missing ../Pooled_features/cifar100/ood/lsun_c/resnet18_s0_ls_0.0/lsun_c_emb.npy
    [skip OOD] missing ../Pooled_features/cifar100/ood/lsun_r/resnet18_s0_ls_0.0/lsun_r_emb.npy
    [skip OOD] missing ../Pooled_features/cifar100/ood/isun/resnet18_s0_ls_0.0/isun_emb.npy
    linear_ce seed=42  acc=0.7596  MLS=0.7952  (1.5s)
    linear_ce seed=43  acc=0.7598  MLS=0.7946  (1.0s)
    linear_ce seed=44  acc=0.7597  MLS=0.7946  (1.1s)
    linear_kd seed=42  acc=0.7601  MLS=0.7949  (1.5s)
    linear_kd seed=43  acc=0.7599  MLS=0.7941  (1.6s)
    linear_kd seed=44  acc=0.7602  MLS=0.7944  (1.7s)
  -> ./trained_heads/cifar100_ttest/resnet18_s0_ls_0.0/resnet18_s0_ls_0.0_ttest_results.json

[resnet18_s0_ls_0.1]
    [skip OOD] missing ../Pooled_features/cifar100/ood/places/resnet18_s0_ls_0.1/places_emb.npy
    [skip OOD] missing ../Pooled_features/cifar100/ood/lsun_c/resnet18_s0_ls_0.1/lsun_c_emb.npy
    [skip OOD] missing ../Pooled_features/cifar100/ood/lsun_r/resnet18_s0_ls_0.1/lsun_r_emb.npy
    [skip OOD] missing ../Pooled_features/cifar100/ood/isun/resnet18_s0_ls_0.1/isun_emb.npy
    linear_ce seed=42  acc=0.7728  MLS=0.7995  (1.1s)
    linear_ce seed=43  acc=0.7736  MLS=0.7993  (1.0s)
    linear_ce seed=44  acc=0.7732  MLS=0.7993  (0.9s)
    linear_kd seed=42  acc=0.7728  MLS=0.7992  (1.7s)
    linear_kd seed=43  acc=0.7738  MLS=0.7990  (1.7s)
    linear_kd seed=44  acc=0.7733  MLS=0.7990  (1.4s)
  -> ./trained_heads/cifar100_ttest/resnet18_s0_ls_0.1/resnet18_s0_ls_0.1_ttest_results.json

[resnet18_s0_ls_0.2]
    [skip OOD] missing ../Pooled_features/cifar100/ood/places/resnet18_s0_ls_0.2/places_emb.npy
    [skip OOD] missing ../Pooled_features/cifar100/ood/lsun_c/resnet18_s0_ls_0.2/lsun_c_emb.npy
    [skip OOD] missing ../Pooled_features/cifar100/ood/lsun_r/resnet18_s0_ls_0.2/lsun_r_emb.npy
    [skip OOD] missing ../Pooled_features/cifar100/ood/isun/resnet18_s0_ls_0.2/isun_emb.npy
    linear_ce seed=42  acc=0.7809  MLS=0.7659  (0.8s)
    linear_ce seed=43  acc=0.7791  MLS=0.7657  (0.8s)
    linear_ce seed=44  acc=0.7802  MLS=0.7658  (0.8s)
    linear_kd seed=42  acc=0.7804  MLS=0.7656  (1.4s)
    linear_kd seed=43  acc=0.7793  MLS=0.7653  (1.7s)
    linear_kd seed=44  acc=0.7804  MLS=0.7655  (1.4s)
  -> ./trained_heads/cifar100_ttest/resnet18_s0_ls_0.2/resnet18_s0_ls_0.2_ttest_results.json

[resnet18_s0_ls_0.3]
    [skip OOD] missing ../Pooled_features/cifar100/ood/places/resnet18_s0_ls_0.3/places_emb.npy
    [skip OOD] missing ../Pooled_features/cifar100/ood/lsun_c/resnet18_s0_ls_0.3/lsun_c_emb.npy
    [skip OOD] missing ../Pooled_features/cifar100/ood/lsun_r/resnet18_s0_ls_0.3/lsun_r_emb.npy
    [skip OOD] missing ../Pooled_features/cifar100/ood/isun/resnet18_s0_ls_0.3/isun_emb.npy
    linear_ce seed=42  acc=0.7776  MLS=0.7845  (0.8s)
    linear_ce seed=43  acc=0.7771  MLS=0.7842  (1.1s)
    linear_ce seed=44  acc=0.7769  MLS=0.7843  (0.8s)
    linear_kd seed=42  acc=0.7777  MLS=0.7845  (1.4s)
    linear_kd seed=43  acc=0.7771  MLS=0.7843  (1.4s)
    linear_kd seed=44  acc=0.7767  MLS=0.7843  (1.4s)
  -> ./trained_heads/cifar100_ttest/resnet18_s0_ls_0.3/resnet18_s0_ls_0.3_ttest_results.json

[resnet18_s1_ls_0.0]
    [skip OOD] missing ../Pooled_features/cifar100/ood/places/resnet18_s1_ls_0.0/places_emb.npy
    [skip OOD] missing ../Pooled_features/cifar100/ood/lsun_c/resnet18_s1_ls_0.0/lsun_c_emb.npy
    [skip OOD] missing ../Pooled_features/cifar100/ood/lsun_r/resnet18_s1_ls_0.0/lsun_r_emb.npy
    [skip OOD] missing ../Pooled_features/cifar100/ood/isun/resnet18_s1_ls_0.0/isun_emb.npy
    linear_ce seed=42  acc=0.7596  MLS=0.7588  (0.8s)
    linear_ce seed=43  acc=0.7593  MLS=0.7584  (0.8s)
    linear_ce seed=44  acc=0.7603  MLS=0.7577  (1.1s)
    linear_kd seed=42  acc=0.7591  MLS=0.7581  (1.7s)
    linear_kd seed=43  acc=0.7591  MLS=0.7578  (1.4s)
    linear_kd seed=44  acc=0.7601  MLS=0.7570  (1.4s)
  -> ./trained_heads/cifar100_ttest/resnet18_s1_ls_0.0/resnet18_s1_ls_0.0_ttest_results.json

[resnet18_s1_ls_0.1]
    [skip OOD] missing ../Pooled_features/cifar100/ood/places/resnet18_s1_ls_0.1/places_emb.npy
    [skip OOD] missing ../Pooled_features/cifar100/ood/lsun_c/resnet18_s1_ls_0.1/lsun_c_emb.npy
    [skip OOD] missing ../Pooled_features/cifar100/ood/lsun_r/resnet18_s1_ls_0.1/lsun_r_emb.npy
    [skip OOD] missing ../Pooled_features/cifar100/ood/isun/resnet18_s1_ls_0.1/isun_emb.npy
    linear_ce seed=42  acc=0.7769  MLS=0.7831  (1.0s)
    linear_ce seed=43  acc=0.7762  MLS=0.7831  (0.8s)
    linear_ce seed=44  acc=0.7771  MLS=0.7827  (0.8s)
    linear_kd seed=42  acc=0.7772  MLS=0.7830  (1.4s)
    linear_kd seed=43  acc=0.7771  MLS=0.7829  (1.6s)
    linear_kd seed=44  acc=0.7776  MLS=0.7825  (1.5s)
  -> ./trained_heads/cifar100_ttest/resnet18_s1_ls_0.1/resnet18_s1_ls_0.1_ttest_results.json

[resnet18_s1_ls_0.2]
    [skip OOD] missing ../Pooled_features/cifar100/ood/places/resnet18_s1_ls_0.2/places_emb.npy
    [skip OOD] missing ../Pooled_features/cifar100/ood/lsun_c/resnet18_s1_ls_0.2/lsun_c_emb.npy
    [skip OOD] missing ../Pooled_features/cifar100/ood/lsun_r/resnet18_s1_ls_0.2/lsun_r_emb.npy
    [skip OOD] missing ../Pooled_features/cifar100/ood/isun/resnet18_s1_ls_0.2/isun_emb.npy
    linear_ce seed=42  acc=0.7827  MLS=0.7766  (1.1s)
    linear_ce seed=43  acc=0.7829  MLS=0.7757  (1.1s)
    linear_ce seed=44  acc=0.7830  MLS=0.7755  (0.8s)
    linear_kd seed=42  acc=0.7828  MLS=0.7764  (1.7s)
    linear_kd seed=43  acc=0.7828  MLS=0.7755  (1.4s)
    linear_kd seed=44  acc=0.7830  MLS=0.7752  (1.5s)
  -> ./trained_heads/cifar100_ttest/resnet18_s1_ls_0.2/resnet18_s1_ls_0.2_ttest_results.json

[resnet18_s1_ls_0.3]
    [skip OOD] missing ../Pooled_features/cifar100/ood/places/resnet18_s1_ls_0.3/places_emb.npy
    [skip OOD] missing ../Pooled_features/cifar100/ood/lsun_c/resnet18_s1_ls_0.3/lsun_c_emb.npy
    [skip OOD] missing ../Pooled_features/cifar100/ood/lsun_r/resnet18_s1_ls_0.3/lsun_r_emb.npy
    [skip OOD] missing ../Pooled_features/cifar100/ood/isun/resnet18_s1_ls_0.3/isun_emb.npy
    linear_ce seed=42  acc=0.7778  MLS=0.7686  (0.9s)
    linear_ce seed=43  acc=0.7778  MLS=0.7680  (1.1s)
    linear_ce seed=44  acc=0.7773  MLS=0.7675  (0.9s)
    linear_kd seed=42  acc=0.7780  MLS=0.7683  (1.6s)
    linear_kd seed=43  acc=0.7781  MLS=0.7677  (1.8s)
    linear_kd seed=44  acc=0.7780  MLS=0.7670  (1.4s)
  -> ./trained_heads/cifar100_ttest/resnet18_s1_ls_0.3/resnet18_s1_ls_0.3_ttest_results.json

[resnet18_s2_ls_0.0]
    [skip OOD] missing ../Pooled_features/cifar100/ood/places/resnet18_s2_ls_0.0/places_emb.npy
    [skip OOD] missing ../Pooled_features/cifar100/ood/lsun_c/resnet18_s2_ls_0.0/lsun_c_emb.npy
    [skip OOD] missing ../Pooled_features/cifar100/ood/lsun_r/resnet18_s2_ls_0.0/lsun_r_emb.npy
    [skip OOD] missing ../Pooled_features/cifar100/ood/isun/resnet18_s2_ls_0.0/isun_emb.npy
    linear_ce seed=42  acc=0.7614  MLS=0.7708  (0.8s)
    linear_ce seed=43  acc=0.7617  MLS=0.7709  (0.9s)
    linear_ce seed=44  acc=0.7621  MLS=0.7707  (0.8s)
    linear_kd seed=42  acc=0.7609  MLS=0.7704  (1.5s)
    linear_kd seed=43  acc=0.7611  MLS=0.7706  (1.4s)
    linear_kd seed=44  acc=0.7621  MLS=0.7707  (1.6s)
  -> ./trained_heads/cifar100_ttest/resnet18_s2_ls_0.0/resnet18_s2_ls_0.0_ttest_results.json

[resnet18_s2_ls_0.1]
    [skip OOD] missing ../Pooled_features/cifar100/ood/places/resnet18_s2_ls_0.1/places_emb.npy
    [skip OOD] missing ../Pooled_features/cifar100/ood/lsun_c/resnet18_s2_ls_0.1/lsun_c_emb.npy
    [skip OOD] missing ../Pooled_features/cifar100/ood/lsun_r/resnet18_s2_ls_0.1/lsun_r_emb.npy
    [skip OOD] missing ../Pooled_features/cifar100/ood/isun/resnet18_s2_ls_0.1/isun_emb.npy
    linear_ce seed=42  acc=0.7768  MLS=0.7898  (1.0s)
    linear_ce seed=43  acc=0.7754  MLS=0.7903  (0.9s)
    linear_ce seed=44  acc=0.7759  MLS=0.7898  (0.9s)
    linear_kd seed=42  acc=0.7767  MLS=0.7897  (1.7s)
    linear_kd seed=43  acc=0.7753  MLS=0.7903  (1.6s)
    linear_kd seed=44  acc=0.7754  MLS=0.7897  (1.6s)
  -> ./trained_heads/cifar100_ttest/resnet18_s2_ls_0.1/resnet18_s2_ls_0.1_ttest_results.json

[resnet18_s2_ls_0.2]
    [skip OOD] missing ../Pooled_features/cifar100/ood/places/resnet18_s2_ls_0.2/places_emb.npy
    [skip OOD] missing ../Pooled_features/cifar100/ood/lsun_c/resnet18_s2_ls_0.2/lsun_c_emb.npy
    [skip OOD] missing ../Pooled_features/cifar100/ood/lsun_r/resnet18_s2_ls_0.2/lsun_r_emb.npy
    [skip OOD] missing ../Pooled_features/cifar100/ood/isun/resnet18_s2_ls_0.2/isun_emb.npy
    linear_ce seed=42  acc=0.7776  MLS=0.7646  (1.1s)
    linear_ce seed=43  acc=0.7772  MLS=0.7656  (0.8s)
    linear_ce seed=44  acc=0.7774  MLS=0.7650  (1.1s)
    linear_kd seed=42  acc=0.7770  MLS=0.7646  (1.6s)
    linear_kd seed=43  acc=0.7779  MLS=0.7658  (1.6s)
    linear_kd seed=44  acc=0.7774  MLS=0.7651  (1.5s)
  -> ./trained_heads/cifar100_ttest/resnet18_s2_ls_0.2/resnet18_s2_ls_0.2_ttest_results.json

[resnet18_s2_ls_0.3]
    [skip OOD] missing ../Pooled_features/cifar100/ood/places/resnet18_s2_ls_0.3/places_emb.npy
    [skip OOD] missing ../Pooled_features/cifar100/ood/lsun_c/resnet18_s2_ls_0.3/lsun_c_emb.npy
    [skip OOD] missing ../Pooled_features/cifar100/ood/lsun_r/resnet18_s2_ls_0.3/lsun_r_emb.npy
    [skip OOD] missing ../Pooled_features/cifar100/ood/isun/resnet18_s2_ls_0.3/isun_emb.npy
    linear_ce seed=42  acc=0.7778  MLS=0.7734  (0.9s)
    linear_ce seed=43  acc=0.7786  MLS=0.7738  (0.9s)
    linear_ce seed=44  acc=0.7773  MLS=0.7736  (0.9s)
    linear_kd seed=42  acc=0.7777  MLS=0.7737  (1.8s)
    linear_kd seed=43  acc=0.7786  MLS=0.7743  (1.7s)
    linear_kd seed=44  acc=0.7777  MLS=0.7741  (1.8s)
  -> ./trained_heads/cifar100_ttest/resnet18_s2_ls_0.3/resnet18_s2_ls_0.3_ttest_results.json

Done.
=== IM200 ===
Device: cuda:0  config: {'epochs': 50, 'lr': 0.1, 'cos_lr': 0.05, 'kd_alpha': 0.7, 'kd_temp': 0.5}  seeds: [42, 43, 44]
Dataset: imagenet200  backbones (21): ['baseline_s0', 'baseline_s1', 'baseline_s2', 'ls_0.1_s0', 'ls_0.2_s0', 'ls_0.3_s0', 'ls_0.1_s1', 'ls_0.2_s1', 'ls_0.3_s1', 'ls_0.1_s2', 'ls_0.2_s2', 'ls_0.3_s2', 'mixup_1.0_s0', 'mixup_1.0_s1', 'mixup_1.0_s2', 'cutmix_1.0_s0', 'cutmix_1.0_s1', 'cutmix_1.0_s2', 'ls_0.1_cutmix_1.0_s0', 'ls_0.1_cutmix_1.0_s1', 'ls_0.1_cutmix_1.0_s2']

[baseline_s0]
    linear_ce seed=42  acc=0.8590  MLS=0.8735  (5.8s)
    linear_ce seed=43  acc=0.8629  MLS=0.8729  (4.5s)
    linear_ce seed=44  acc=0.8602  MLS=0.8734  (4.7s)
    linear_kd seed=42  acc=0.8633  MLS=0.8779  (8.2s)
    linear_kd seed=43  acc=0.8642  MLS=0.8777  (7.3s)
    linear_kd seed=44  acc=0.8632  MLS=0.8779  (8.4s)
  -> ./trained_heads/imagenet200_ttest/baseline_s0/baseline_s0_ttest_results.json

[baseline_s1]
    linear_ce seed=42  acc=0.8618  MLS=0.8716  (4.4s)
    linear_ce seed=43  acc=0.8630  MLS=0.8722  (4.5s)
    linear_ce seed=44  acc=0.8618  MLS=0.8717  (4.5s)
    linear_kd seed=42  acc=0.8642  MLS=0.8763  (7.2s)
    linear_kd seed=43  acc=0.8650  MLS=0.8764  (8.0s)
    linear_kd seed=44  acc=0.8646  MLS=0.8763  (8.1s)
  -> ./trained_heads/imagenet200_ttest/baseline_s1/baseline_s1_ttest_results.json

[baseline_s2]
    linear_ce seed=42  acc=0.8593  MLS=0.8694  (4.7s)
    linear_ce seed=43  acc=0.8602  MLS=0.8700  (4.8s)
    linear_ce seed=44  acc=0.8609  MLS=0.8702  (4.8s)
    linear_kd seed=42  acc=0.8617  MLS=0.8745  (8.3s)
    linear_kd seed=43  acc=0.8609  MLS=0.8747  (7.8s)
    linear_kd seed=44  acc=0.8611  MLS=0.8748  (7.9s)
  -> ./trained_heads/imagenet200_ttest/baseline_s2/baseline_s2_ttest_results.json

[ls_0.1_s0]
    linear_ce seed=42  acc=0.8538  MLS=0.8400  (4.9s)
    linear_ce seed=43  acc=0.8559  MLS=0.8406  (4.5s)
    linear_ce seed=44  acc=0.8553  MLS=0.8396  (4.7s)
    linear_kd seed=42  acc=0.8571  MLS=0.8463  (7.9s)
    linear_kd seed=43  acc=0.8572  MLS=0.8465  (8.4s)
    linear_kd seed=44  acc=0.8571  MLS=0.8461  (8.2s)
  -> ./trained_heads/imagenet200_ttest/ls_0.1_s0/ls_0.1_s0_ttest_results.json

[ls_0.2_s0]
    linear_ce seed=42  acc=0.8578  MLS=0.8474  (4.8s)
    linear_ce seed=43  acc=0.8578  MLS=0.8474  (4.5s)
    linear_ce seed=44  acc=0.8573  MLS=0.8479  (4.6s)
    linear_kd seed=42  acc=0.8601  MLS=0.8530  (7.3s)
    linear_kd seed=43  acc=0.8598  MLS=0.8529  (7.8s)
    linear_kd seed=44  acc=0.8604  MLS=0.8531  (7.5s)
  -> ./trained_heads/imagenet200_ttest/ls_0.2_s0/ls_0.2_s0_ttest_results.json

[ls_0.3_s0]
    linear_ce seed=42  acc=0.8574  MLS=0.8495  (4.9s)
    linear_ce seed=43  acc=0.8574  MLS=0.8497  (4.5s)
    linear_ce seed=44  acc=0.8573  MLS=0.8491  (4.5s)
    linear_kd seed=42  acc=0.8581  MLS=0.8553  (7.9s)
    linear_kd seed=43  acc=0.8581  MLS=0.8553  (8.4s)
    linear_kd seed=44  acc=0.8588  MLS=0.8551  (8.1s)
  -> ./trained_heads/imagenet200_ttest/ls_0.3_s0/ls_0.3_s0_ttest_results.json

[ls_0.1_s1]
    linear_ce seed=42  acc=0.8572  MLS=0.8419  (4.8s)
    linear_ce seed=43  acc=0.8581  MLS=0.8424  (4.4s)
    linear_ce seed=44  acc=0.8566  MLS=0.8424  (5.0s)
    linear_kd seed=42  acc=0.8589  MLS=0.8476  (7.8s)
    linear_kd seed=43  acc=0.8598  MLS=0.8479  (8.2s)
    linear_kd seed=44  acc=0.8594  MLS=0.8479  (8.1s)
  -> ./trained_heads/imagenet200_ttest/ls_0.1_s1/ls_0.1_s1_ttest_results.json

[ls_0.2_s1]
    linear_ce seed=42  acc=0.8606  MLS=0.8474  (4.8s)
    linear_ce seed=43  acc=0.8618  MLS=0.8472  (4.6s)
    linear_ce seed=44  acc=0.8623  MLS=0.8477  (4.4s)
    linear_kd seed=42  acc=0.8634  MLS=0.8531  (7.8s)
    linear_kd seed=43  acc=0.8646  MLS=0.8533  (8.0s)
    linear_kd seed=44  acc=0.8637  MLS=0.8533  (8.3s)
  -> ./trained_heads/imagenet200_ttest/ls_0.2_s1/ls_0.2_s1_ttest_results.json

[ls_0.3_s1]
    linear_ce seed=42  acc=0.8568  MLS=0.8466  (4.6s)
    linear_ce seed=43  acc=0.8568  MLS=0.8473  (4.3s)
    linear_ce seed=44  acc=0.8570  MLS=0.8469  (4.6s)
    linear_kd seed=42  acc=0.8580  MLS=0.8525  (7.9s)
    linear_kd seed=43  acc=0.8582  MLS=0.8530  (7.2s)
    linear_kd seed=44  acc=0.8594  MLS=0.8528  (8.0s)
  -> ./trained_heads/imagenet200_ttest/ls_0.3_s1/ls_0.3_s1_ttest_results.json

[ls_0.1_s2]
    linear_ce seed=42  acc=0.8574  MLS=0.8361  (4.7s)
    linear_ce seed=43  acc=0.8591  MLS=0.8352  (4.7s)
    linear_ce seed=44  acc=0.8586  MLS=0.8369  (4.3s)
    linear_kd seed=42  acc=0.8603  MLS=0.8429  (8.1s)
    linear_kd seed=43  acc=0.8607  MLS=0.8425  (8.5s)
    linear_kd seed=44  acc=0.8603  MLS=0.8431  (8.2s)
  -> ./trained_heads/imagenet200_ttest/ls_0.1_s2/ls_0.1_s2_ttest_results.json

[ls_0.2_s2]
    linear_ce seed=42  acc=0.8609  MLS=0.8461  (4.3s)
    linear_ce seed=43  acc=0.8623  MLS=0.8447  (4.6s)
    linear_ce seed=44  acc=0.8640  MLS=0.8469  (4.8s)
    linear_kd seed=42  acc=0.8627  MLS=0.8522  (8.0s)
    linear_kd seed=43  acc=0.8636  MLS=0.8515  (8.0s)
    linear_kd seed=44  acc=0.8637  MLS=0.8523  (8.0s)
  -> ./trained_heads/imagenet200_ttest/ls_0.2_s2/ls_0.2_s2_ttest_results.json

[ls_0.3_s2]
    linear_ce seed=42  acc=0.8596  MLS=0.8476  (4.5s)
    linear_ce seed=43  acc=0.8614  MLS=0.8480  (4.3s)
    linear_ce seed=44  acc=0.8603  MLS=0.8487  (4.8s)
    linear_kd seed=42  acc=0.8616  MLS=0.8537  (8.2s)
    linear_kd seed=43  acc=0.8614  MLS=0.8539  (8.3s)
    linear_kd seed=44  acc=0.8609  MLS=0.8541  (9.3s)
  -> ./trained_heads/imagenet200_ttest/ls_0.3_s2/ls_0.3_s2_ttest_results.json

[mixup_1.0_s0]
    linear_ce seed=42  acc=0.8570  MLS=0.8525  (5.5s)
    linear_ce seed=43  acc=0.8572  MLS=0.8519  (5.5s)
    linear_ce seed=44  acc=0.8579  MLS=0.8527  (5.5s)
    linear_kd seed=42  acc=0.8583  MLS=0.8539  (8.9s)
    linear_kd seed=43  acc=0.8587  MLS=0.8537  (8.2s)
    linear_kd seed=44  acc=0.8589  MLS=0.8539  (7.9s)
  -> ./trained_heads/imagenet200_ttest/mixup_1.0_s0/mixup_1.0_s0_ttest_results.json

[mixup_1.0_s1]
    linear_ce seed=42  acc=0.8518  MLS=0.8506  (4.9s)
    linear_ce seed=43  acc=0.8547  MLS=0.8523  (4.8s)
    linear_ce seed=44  acc=0.8523  MLS=0.8522  (5.3s)
    linear_kd seed=42  acc=0.8546  MLS=0.8519  (9.1s)
    linear_kd seed=43  acc=0.8548  MLS=0.8524  (9.0s)
    linear_kd seed=44  acc=0.8544  MLS=0.8524  (8.9s)
  -> ./trained_heads/imagenet200_ttest/mixup_1.0_s1/mixup_1.0_s1_ttest_results.json

[mixup_1.0_s2]
    linear_ce seed=42  acc=0.8563  MLS=0.8489  (5.3s)
    linear_ce seed=43  acc=0.8553  MLS=0.8499  (5.7s)
    linear_ce seed=44  acc=0.8552  MLS=0.8500  (5.6s)
    linear_kd seed=42  acc=0.8563  MLS=0.8502  (9.5s)
    linear_kd seed=43  acc=0.8561  MLS=0.8507  (8.6s)
    linear_kd seed=44  acc=0.8564  MLS=0.8507  (8.3s)
  -> ./trained_heads/imagenet200_ttest/mixup_1.0_s2/mixup_1.0_s2_ttest_results.json

[cutmix_1.0_s0]
    linear_ce seed=42  acc=0.8611  MLS=0.8314  (5.0s)
    linear_ce seed=43  acc=0.8626  MLS=0.8309  (5.0s)
    linear_ce seed=44  acc=0.8609  MLS=0.8319  (8.1s)
    linear_kd seed=42  acc=0.8633  MLS=0.8346  (13.1s)
    linear_kd seed=43  acc=0.8641  MLS=0.8343  (13.8s)
    linear_kd seed=44  acc=0.8624  MLS=0.8347  (12.9s)
  -> ./trained_heads/imagenet200_ttest/cutmix_1.0_s0/cutmix_1.0_s0_ttest_results.json

[cutmix_1.0_s1]
    linear_ce seed=42  acc=0.8641  MLS=0.8419  (7.7s)
    linear_ce seed=43  acc=0.8641  MLS=0.8425  (7.4s)
    linear_ce seed=44  acc=0.8636  MLS=0.8427  (8.4s)
    linear_kd seed=42  acc=0.8652  MLS=0.8441  (11.9s)
    linear_kd seed=43  acc=0.8659  MLS=0.8443  (8.4s)
    linear_kd seed=44  acc=0.8657  MLS=0.8444  (11.1s)
  -> ./trained_heads/imagenet200_ttest/cutmix_1.0_s1/cutmix_1.0_s1_ttest_results.json

[cutmix_1.0_s2]
    linear_ce seed=42  acc=0.8620  MLS=0.8344  (6.7s)
    linear_ce seed=43  acc=0.8632  MLS=0.8347  (6.2s)
    linear_ce seed=44  acc=0.8639  MLS=0.8350  (6.2s)
    linear_kd seed=42  acc=0.8669  MLS=0.8390  (9.8s)
    linear_kd seed=43  acc=0.8658  MLS=0.8390  (7.8s)
    linear_kd seed=44  acc=0.8667  MLS=0.8393  (8.3s)
  -> ./trained_heads/imagenet200_ttest/cutmix_1.0_s2/cutmix_1.0_s2_ttest_results.json

[ls_0.1_cutmix_1.0_s0]
    linear_ce seed=42  acc=0.8594  MLS=0.8440  (5.3s)
    linear_ce seed=43  acc=0.8598  MLS=0.8444  (4.5s)
    linear_ce seed=44  acc=0.8602  MLS=0.8451  (4.7s)
    linear_kd seed=42  acc=0.8646  MLS=0.8463  (7.8s)
    linear_kd seed=43  acc=0.8642  MLS=0.8464  (7.2s)
    linear_kd seed=44  acc=0.8641  MLS=0.8467  (7.8s)
  -> ./trained_heads/imagenet200_ttest/ls_0.1_cutmix_1.0_s0/ls_0.1_cutmix_1.0_s0_ttest_results.json

[ls_0.1_cutmix_1.0_s1]
    linear_ce seed=42  acc=0.8613  MLS=0.8446  (4.9s)
    linear_ce seed=43  acc=0.8620  MLS=0.8458  (4.5s)
    linear_ce seed=44  acc=0.8614  MLS=0.8458  (4.5s)
    linear_kd seed=42  acc=0.8628  MLS=0.8492  (6.9s)
    linear_kd seed=43  acc=0.8629  MLS=0.8495  (7.7s)
    linear_kd seed=44  acc=0.8623  MLS=0.8495  (7.2s)
  -> ./trained_heads/imagenet200_ttest/ls_0.1_cutmix_1.0_s1/ls_0.1_cutmix_1.0_s1_ttest_results.json

[ls_0.1_cutmix_1.0_s2]
    linear_ce seed=42  acc=0.8620  MLS=0.8419  (4.7s)
    linear_ce seed=43  acc=0.8644  MLS=0.8419  (4.0s)
    linear_ce seed=44  acc=0.8621  MLS=0.8428  (4.7s)
    linear_kd seed=42  acc=0.8652  MLS=0.8460  (7.2s)
    linear_kd seed=43  acc=0.8656  MLS=0.8460  (7.7s)
    linear_kd seed=44  acc=0.8660  MLS=0.8464  (7.8s)
  -> ./trained_heads/imagenet200_ttest/ls_0.1_cutmix_1.0_s2/ls_0.1_cutmix_1.0_s2_ttest_results.json

Done.
=== DONE Tue May  5 09:19:07 AM -03 2026 ===
